[16:05:12.248] [DEBUG] [main] [org.springframework.jdbc.datasource.DataSourceUtils] [116] [Fetching JDBC Connection from DataSource]
[16:05:12.458] [INFO ] [main] [com.alibaba.druid.pool.DruidDataSource] [990] [{dataSource-1} inited]
[16:05:12.691] [INFO ] [SpringContextShutdownHook] [com.alibaba.druid.pool.DruidDataSource] [2043] [{dataSource-1} closing ...]
[16:05:12.701] [INFO ] [SpringContextShutdownHook] [com.alibaba.druid.pool.DruidDataSource] [2116] [{dataSource-1} closed]
[16:16:12.334] [DEBUG] [main] [org.springframework.jdbc.datasource.DataSourceUtils] [116] [Fetching JDBC Connection from DataSource]
[16:16:12.467] [INFO ] [main] [com.alibaba.druid.pool.DruidDataSource] [990] [{dataSource-1} inited]
[16:16:12.674] [INFO ] [SpringContextShutdownHook] [com.alibaba.druid.pool.DruidDataSource] [2043] [{dataSource-1} closing ...]
[16:16:12.690] [INFO ] [SpringContextShutdownHook] [com.alibaba.druid.pool.DruidDataSource] [2116] [{dataSource-1} closed]
[16:22:01.125] [DEBUG] [main] [org.springframework.jdbc.datasource.DataSourceUtils] [116] [Fetching JDBC Connection from DataSource]
[16:22:01.251] [INFO ] [main] [com.alibaba.druid.pool.DruidDataSource] [990] [{dataSource-1} inited]
[16:22:01.463] [INFO ] [SpringContextShutdownHook] [com.alibaba.druid.pool.DruidDataSource] [2043] [{dataSource-1} closing ...]
[16:22:01.474] [INFO ] [SpringContextShutdownHook] [com.alibaba.druid.pool.DruidDataSource] [2116] [{dataSource-1} closed]
[16:31:28.170] [DEBUG] [main] [org.springframework.jdbc.datasource.DataSourceTransactionManager] [370] [Creating new transaction with name [com.atguigu.service.impl.UserServiceImpl.saveUser]: PROPAGATION_REQUIRED,ISOLATION_DEFAULT]
[16:31:28.315] [INFO ] [main] [com.alibaba.druid.pool.DruidDataSource] [990] [{dataSource-1} inited]
[16:31:28.510] [DEBUG] [main] [org.springframework.jdbc.datasource.DataSourceTransactionManager] [267] [Acquired Connection [com.mysql.cj.jdbc.ConnectionImpl@72ba28ee] for JDBC transaction]
[16:31:28.520] [DEBUG] [main] [org.springframework.jdbc.datasource.DataSourceTransactionManager] [285] [Switching JDBC Connection [com.mysql.cj.jdbc.ConnectionImpl@72ba28ee] to manual commit]
[16:31:28.564] [DEBUG] [main] [org.springframework.jdbc.datasource.DataSourceTransactionManager] [833] [Initiating transaction rollback]
[16:31:28.565] [DEBUG] [main] [org.springframework.jdbc.datasource.DataSourceTransactionManager] [345] [Rolling back JDBC transaction on Connection [com.mysql.cj.jdbc.ConnectionImpl@72ba28ee]]
[16:31:28.569] [DEBUG] [main] [org.springframework.jdbc.datasource.DataSourceTransactionManager] [389] [Releasing JDBC Connection [com.mysql.cj.jdbc.ConnectionImpl@72ba28ee] after transaction]
[16:31:28.591] [INFO ] [SpringContextShutdownHook] [com.alibaba.druid.pool.DruidDataSource] [2043] [{dataSource-1} closing ...]
[16:31:28.602] [INFO ] [SpringContextShutdownHook] [com.alibaba.druid.pool.DruidDataSource] [2116] [{dataSource-1} closed]
[16:35:53.856] [DEBUG] [main] [org.springframework.jdbc.datasource.DataSourceTransactionManager] [370] [Creating new transaction with name [com.atguigu.service.impl.UserServiceImpl.saveUser]: PROPAGATION_REQUIRED,ISOLATION_DEFAULT]
[16:35:53.994] [INFO ] [main] [com.alibaba.druid.pool.DruidDataSource] [990] [{dataSource-1} inited]
[16:35:54.190] [DEBUG] [main] [org.springframework.jdbc.datasource.DataSourceTransactionManager] [267] [Acquired Connection [com.mysql.cj.jdbc.ConnectionImpl@72ba28ee] for JDBC transaction]
[16:35:54.201] [DEBUG] [main] [org.springframework.jdbc.datasource.DataSourceTransactionManager] [285] [Switching JDBC Connection [com.mysql.cj.jdbc.ConnectionImpl@72ba28ee] to manual commit]
[16:35:54.232] [DEBUG] [main] [org.springframework.jdbc.datasource.DataSourceTransactionManager] [740] [Initiating transaction commit]
[16:35:54.232] [DEBUG] [main] [org.springframework.jdbc.datasource.DataSourceTransactionManager] [330] [Committing JDBC transaction on Connection [com.mysql.cj.jdbc.ConnectionImpl@72ba28ee]]
[16:35:54.236] [DEBUG] [main] [org.springframework.jdbc.datasource.DataSourceTransactionManager] [389] [Releasing JDBC Connection [com.mysql.cj.jdbc.ConnectionImpl@72ba28ee] after transaction]
[16:35:54.250] [INFO ] [SpringContextShutdownHook] [com.alibaba.druid.pool.DruidDataSource] [2043] [{dataSource-1} closing ...]
[16:35:54.260] [INFO ] [SpringContextShutdownHook] [com.alibaba.druid.pool.DruidDataSource] [2116] [{dataSource-1} closed]
[16:36:03.519] [DEBUG] [main] [org.springframework.jdbc.datasource.DataSourceTransactionManager] [370] [Creating new transaction with name [com.atguigu.service.impl.UserServiceImpl.findAll]: PROPAGATION_REQUIRED,ISOLATION_DEFAULT]
[16:36:03.675] [INFO ] [main] [com.alibaba.druid.pool.DruidDataSource] [990] [{dataSource-1} inited]
[16:36:03.851] [DEBUG] [main] [org.springframework.jdbc.datasource.DataSourceTransactionManager] [267] [Acquired Connection [com.mysql.cj.jdbc.ConnectionImpl@72ba28ee] for JDBC transaction]
[16:36:03.860] [DEBUG] [main] [org.springframework.jdbc.datasource.DataSourceTransactionManager] [285] [Switching JDBC Connection [com.mysql.cj.jdbc.ConnectionImpl@72ba28ee] to manual commit]
[16:36:03.911] [DEBUG] [main] [org.springframework.jdbc.datasource.DataSourceTransactionManager] [740] [Initiating transaction commit]
[16:36:03.912] [DEBUG] [main] [org.springframework.jdbc.datasource.DataSourceTransactionManager] [330] [Committing JDBC transaction on Connection [com.mysql.cj.jdbc.ConnectionImpl@72ba28ee]]
[16:36:03.913] [DEBUG] [main] [org.springframework.jdbc.datasource.DataSourceTransactionManager] [389] [Releasing JDBC Connection [com.mysql.cj.jdbc.ConnectionImpl@72ba28ee] after transaction]
[16:36:03.933] [INFO ] [SpringContextShutdownHook] [com.alibaba.druid.pool.DruidDataSource] [2043] [{dataSource-1} closing ...]
[16:36:03.944] [INFO ] [SpringContextShutdownHook] [com.alibaba.druid.pool.DruidDataSource] [2116] [{dataSource-1} closed]
[16:37:01.408] [DEBUG] [main] [org.springframework.jdbc.datasource.DataSourceTransactionManager] [370] [Creating new transaction with name [com.atguigu.service.impl.UserServiceImpl.findAll]: PROPAGATION_REQUIRED,ISOLATION_DEFAULT]
[16:37:01.558] [INFO ] [main] [com.alibaba.druid.pool.DruidDataSource] [990] [{dataSource-1} inited]
[16:37:01.749] [DEBUG] [main] [org.springframework.jdbc.datasource.DataSourceTransactionManager] [267] [Acquired Connection [com.mysql.cj.jdbc.ConnectionImpl@72ba28ee] for JDBC transaction]
[16:37:01.759] [DEBUG] [main] [org.springframework.jdbc.datasource.DataSourceTransactionManager] [285] [Switching JDBC Connection [com.mysql.cj.jdbc.ConnectionImpl@72ba28ee] to manual commit]
[16:37:01.812] [DEBUG] [main] [org.springframework.jdbc.datasource.DataSourceTransactionManager] [740] [Initiating transaction commit]
[16:37:01.812] [DEBUG] [main] [org.springframework.jdbc.datasource.DataSourceTransactionManager] [330] [Committing JDBC transaction on Connection [com.mysql.cj.jdbc.ConnectionImpl@72ba28ee]]
[16:37:01.813] [DEBUG] [main] [org.springframework.jdbc.datasource.DataSourceTransactionManager] [389] [Releasing JDBC Connection [com.mysql.cj.jdbc.ConnectionImpl@72ba28ee] after transaction]
[16:37:01.835] [INFO ] [SpringContextShutdownHook] [com.alibaba.druid.pool.DruidDataSource] [2043] [{dataSource-1} closing ...]
[16:37:01.846] [INFO ] [SpringContextShutdownHook] [com.alibaba.druid.pool.DruidDataSource] [2116] [{dataSource-1} closed]
[16:38:22.832] [DEBUG] [main] [org.springframework.jdbc.datasource.DataSourceTransactionManager] [370] [Creating new transaction with name [com.atguigu.service.impl.UserServiceImpl.findAll]: PROPAGATION_REQUIRED,ISOLATION_DEFAULT]
[16:38:22.981] [INFO ] [main] [com.alibaba.druid.pool.DruidDataSource] [990] [{dataSource-1} inited]
[16:38:23.168] [DEBUG] [main] [org.springframework.jdbc.datasource.DataSourceTransactionManager] [267] [Acquired Connection [com.mysql.cj.jdbc.ConnectionImpl@3e134896] for JDBC transaction]
[16:38:23.178] [DEBUG] [main] [org.springframework.jdbc.datasource.DataSourceTransactionManager] [285] [Switching JDBC Connection [com.mysql.cj.jdbc.ConnectionImpl@3e134896] to manual commit]
[16:38:23.231] [DEBUG] [main] [org.springframework.jdbc.datasource.DataSourceTransactionManager] [740] [Initiating transaction commit]
[16:38:23.232] [DEBUG] [main] [org.springframework.jdbc.datasource.DataSourceTransactionManager] [330] [Committing JDBC transaction on Connection [com.mysql.cj.jdbc.ConnectionImpl@3e134896]]
[16:38:23.234] [DEBUG] [main] [org.springframework.jdbc.datasource.DataSourceTransactionManager] [389] [Releasing JDBC Connection [com.mysql.cj.jdbc.ConnectionImpl@3e134896] after transaction]
[16:38:23.256] [INFO ] [SpringContextShutdownHook] [com.alibaba.druid.pool.DruidDataSource] [2043] [{dataSource-1} closing ...]
[16:38:23.266] [INFO ] [SpringContextShutdownHook] [com.alibaba.druid.pool.DruidDataSource] [2116] [{dataSource-1} closed]
[16:39:00.384] [DEBUG] [main] [org.springframework.jdbc.datasource.DataSourceTransactionManager] [370] [Creating new transaction with name [com.atguigu.service.impl.UserServiceImpl.findAll]: PROPAGATION_REQUIRED,ISOLATION_DEFAULT]
[16:39:00.511] [INFO ] [main] [com.alibaba.druid.pool.DruidDataSource] [990] [{dataSource-1} inited]
[16:39:00.674] [DEBUG] [main] [org.springframework.jdbc.datasource.DataSourceTransactionManager] [267] [Acquired Connection [com.mysql.cj.jdbc.ConnectionImpl@3e134896] for JDBC transaction]
[16:39:00.682] [DEBUG] [main] [org.springframework.jdbc.datasource.DataSourceTransactionManager] [285] [Switching JDBC Connection [com.mysql.cj.jdbc.ConnectionImpl@3e134896] to manual commit]
[16:39:00.683] [DEBUG] [main] [org.springframework.jdbc.datasource.DataSourceTransactionManager] [833] [Initiating transaction rollback]
[16:39:00.683] [DEBUG] [main] [org.springframework.jdbc.datasource.DataSourceTransactionManager] [345] [Rolling back JDBC transaction on Connection [com.mysql.cj.jdbc.ConnectionImpl@3e134896]]
[16:39:00.685] [DEBUG] [main] [org.springframework.jdbc.datasource.DataSourceTransactionManager] [389] [Releasing JDBC Connection [com.mysql.cj.jdbc.ConnectionImpl@3e134896] after transaction]
[16:39:00.703] [INFO ] [SpringContextShutdownHook] [com.alibaba.druid.pool.DruidDataSource] [2043] [{dataSource-1} closing ...]
[16:39:00.711] [INFO ] [SpringContextShutdownHook] [com.alibaba.druid.pool.DruidDataSource] [2116] [{dataSource-1} closed]
[16:41:51.147] [DEBUG] [main] [org.springframework.jdbc.datasource.DataSourceTransactionManager] [370] [Creating new transaction with name [com.atguigu.service.impl.UserServiceImpl.findAll]: PROPAGATION_REQUIRED,ISOLATION_DEFAULT]
[16:41:51.293] [INFO ] [main] [com.alibaba.druid.pool.DruidDataSource] [990] [{dataSource-1} inited]
[16:41:51.470] [DEBUG] [main] [org.springframework.jdbc.datasource.DataSourceTransactionManager] [267] [Acquired Connection [com.mysql.cj.jdbc.ConnectionImpl@72ba28ee] for JDBC transaction]
[16:41:51.479] [DEBUG] [main] [org.springframework.jdbc.datasource.DataSourceTransactionManager] [285] [Switching JDBC Connection [com.mysql.cj.jdbc.ConnectionImpl@72ba28ee] to manual commit]
[16:41:51.480] [DEBUG] [main] [org.springframework.jdbc.datasource.DataSourceTransactionManager] [833] [Initiating transaction rollback]
[16:41:51.483] [DEBUG] [main] [org.springframework.jdbc.datasource.DataSourceTransactionManager] [345] [Rolling back JDBC transaction on Connection [com.mysql.cj.jdbc.ConnectionImpl@72ba28ee]]
[16:41:51.484] [DEBUG] [main] [org.springframework.jdbc.datasource.DataSourceTransactionManager] [389] [Releasing JDBC Connection [com.mysql.cj.jdbc.ConnectionImpl@72ba28ee] after transaction]
[16:41:51.505] [INFO ] [SpringContextShutdownHook] [com.alibaba.druid.pool.DruidDataSource] [2043] [{dataSource-1} closing ...]
[16:41:51.513] [INFO ] [SpringContextShutdownHook] [com.alibaba.druid.pool.DruidDataSource] [2116] [{dataSource-1} closed]
[16:42:10.132] [DEBUG] [main] [org.springframework.jdbc.datasource.DataSourceTransactionManager] [370] [Creating new transaction with name [com.atguigu.service.impl.UserServiceImpl.findAll]: PROPAGATION_REQUIRED,ISOLATION_DEFAULT]
[16:42:10.265] [INFO ] [main] [com.alibaba.druid.pool.DruidDataSource] [990] [{dataSource-1} inited]
[16:42:10.442] [DEBUG] [main] [org.springframework.jdbc.datasource.DataSourceTransactionManager] [267] [Acquired Connection [com.mysql.cj.jdbc.ConnectionImpl@72ba28ee] for JDBC transaction]
[16:42:10.451] [DEBUG] [main] [org.springframework.jdbc.datasource.DataSourceTransactionManager] [285] [Switching JDBC Connection [com.mysql.cj.jdbc.ConnectionImpl@72ba28ee] to manual commit]
[16:42:10.503] [DEBUG] [main] [org.springframework.jdbc.datasource.DataSourceTransactionManager] [740] [Initiating transaction commit]
[16:42:10.503] [DEBUG] [main] [org.springframework.jdbc.datasource.DataSourceTransactionManager] [330] [Committing JDBC transaction on Connection [com.mysql.cj.jdbc.ConnectionImpl@72ba28ee]]
[16:42:10.504] [DEBUG] [main] [org.springframework.jdbc.datasource.DataSourceTransactionManager] [389] [Releasing JDBC Connection [com.mysql.cj.jdbc.ConnectionImpl@72ba28ee] after transaction]
[16:42:10.525] [INFO ] [SpringContextShutdownHook] [com.alibaba.druid.pool.DruidDataSource] [2043] [{dataSource-1} closing ...]
[16:42:10.535] [INFO ] [SpringContextShutdownHook] [com.alibaba.druid.pool.DruidDataSource] [2116] [{dataSource-1} closed]
[16:45:52.701] [DEBUG] [main] [org.springframework.jdbc.datasource.DataSourceTransactionManager] [370] [Creating new transaction with name [com.atguigu.service.impl.UserServiceImpl.findAll]: PROPAGATION_REQUIRED,ISOLATION_DEFAULT]
[16:45:52.831] [INFO ] [main] [com.alibaba.druid.pool.DruidDataSource] [990] [{dataSource-1} inited]
[16:45:53.003] [DEBUG] [main] [org.springframework.jdbc.datasource.DataSourceTransactionManager] [267] [Acquired Connection [com.mysql.cj.jdbc.ConnectionImpl@72ba28ee] for JDBC transaction]
[16:45:53.011] [DEBUG] [main] [org.springframework.jdbc.datasource.DataSourceTransactionManager] [285] [Switching JDBC Connection [com.mysql.cj.jdbc.ConnectionImpl@72ba28ee] to manual commit]
[16:45:53.058] [DEBUG] [main] [org.springframework.jdbc.datasource.DataSourceTransactionManager] [740] [Initiating transaction commit]
[16:45:53.059] [DEBUG] [main] [org.springframework.jdbc.datasource.DataSourceTransactionManager] [330] [Committing JDBC transaction on Connection [com.mysql.cj.jdbc.ConnectionImpl@72ba28ee]]
[16:45:53.060] [DEBUG] [main] [org.springframework.jdbc.datasource.DataSourceTransactionManager] [389] [Releasing JDBC Connection [com.mysql.cj.jdbc.ConnectionImpl@72ba28ee] after transaction]
[16:45:53.078] [INFO ] [SpringContextShutdownHook] [com.alibaba.druid.pool.DruidDataSource] [2043] [{dataSource-1} closing ...]
[16:45:53.089] [INFO ] [SpringContextShutdownHook] [com.alibaba.druid.pool.DruidDataSource] [2116] [{dataSource-1} closed]
