[16:27:50.264] [INFO ] [main] [org.springframework.test.context.support.AnnotationConfigContextLoaderUtils] [83] [Could not detect default configuration classes for test class [com.atguigu.Day12SpringbootCrud01ApplicationTests]: Day12SpringbootCrud01ApplicationTests does not declare any static, non-private, non-final, nested classes annotated with @Configuration.]
[16:27:50.405] [INFO ] [main] [org.springframework.boot.test.context.SpringBootTestContextBootstrapper] [248] [Found @SpringBootConfiguration com.atguigu.Day12SpringbootCrud01Application for test class com.atguigu.Day12SpringbootCrud01ApplicationTests]
[16:27:50.921] [INFO ] [background-preinit] [org.hibernate.validator.internal.util.Version] [21] [HV000001: Hibernate Validator 8.0.0.Final]
[16:27:50.950] [INFO ] [main] [com.atguigu.Day12SpringbootCrud01ApplicationTests] [51] [Starting Day12SpringbootCrud01ApplicationTests using Java 17.0.2 with PID 12128 (started by cofh in D:\location\maven-pro\day12-springboot-crud-01)]
[16:27:50.951] [INFO ] [main] [com.atguigu.Day12SpringbootCrud01ApplicationTests] [640] [The following 1 profile is active: "dev"]
[16:27:52.051] [ERROR] [main] [org.apache.catalina.core.AprLifecycleListener] [173] [An incompatible version [1.2.31] of the Apache Tomcat Native library is installed, while Tomcat requires version [1.2.34]]
[16:27:53.330] [INFO ] [main] [com.atguigu.Day12SpringbootCrud01ApplicationTests] [57] [Started Day12SpringbootCrud01ApplicationTests in 2.687 seconds (process running for 4.326)]
[16:27:54.675] [DEBUG] [main] [org.springframework.jdbc.datasource.DataSourceUtils] [117] [Fetching JDBC Connection from DataSource]
[16:27:54.677] [INFO ] [main] [com.zaxxer.hikari.HikariDataSource] [110] [HikariPool-1 - Starting...]
[16:27:54.841] [INFO ] [main] [com.zaxxer.hikari.pool.HikariPool] [565] [HikariPool-1 - Added connection com.mysql.cj.jdbc.ConnectionImpl@3620eab]
[16:27:54.843] [INFO ] [main] [com.zaxxer.hikari.HikariDataSource] [123] [HikariPool-1 - Start completed.]
[16:27:54.852] [DEBUG] [main] [com.atguigu.mapper.ScheduleMapper.findAll] [135] [==>  Preparing: SELECT * FROM t_schedule]
[16:27:54.877] [DEBUG] [main] [com.atguigu.mapper.ScheduleMapper.findAll] [135] [==> Parameters: ]
[16:27:54.909] [DEBUG] [main] [com.atguigu.mapper.ScheduleMapper.findAll] [135] [<==      Total: 16]
[16:27:54.915] [INFO ] [main] [com.atguigu.Day12SpringbootCrud01ApplicationTests] [19] [[Schedule(id=1, title=学习java, completed=true), Schedule(id=3, title=Python, completed=true), Schedule(id=6, title=学习c++, completed=false), Schedule(id=7, title=1, completed=true), Schedule(id=8, title=2, completed=false), Schedule(id=9, title=3, completed=false), Schedule(id=10, title=0a, completed=false), Schedule(id=11, title=1a, completed=false), Schedule(id=12, title=2a, completed=false), Schedule(id=13, title=3a, completed=false), Schedule(id=14, title=4a, completed=false), Schedule(id=15, title=5a, completed=false), Schedule(id=16, title=6a, completed=false), Schedule(id=17, title=7a, completed=false), Schedule(id=18, title=8a, completed=false), Schedule(id=19, title=9a, completed=false)]]
[16:27:54.941] [INFO ] [SpringApplicationShutdownHook] [com.zaxxer.hikari.HikariDataSource] [350] [HikariPool-1 - Shutdown initiated...]
[16:27:54.950] [INFO ] [SpringApplicationShutdownHook] [com.zaxxer.hikari.HikariDataSource] [352] [HikariPool-1 - Shutdown completed.]
[16:55:11.651] [INFO ] [main] [org.springframework.test.context.support.AnnotationConfigContextLoaderUtils] [83] [Could not detect default configuration classes for test class [com.atguigu.Day12SpringbootCrud01ApplicationTests]: Day12SpringbootCrud01ApplicationTests does not declare any static, non-private, non-final, nested classes annotated with @Configuration.]
[16:55:11.797] [INFO ] [main] [org.springframework.boot.test.context.SpringBootTestContextBootstrapper] [248] [Found @SpringBootConfiguration com.atguigu.Day12SpringbootCrud01Application for test class com.atguigu.Day12SpringbootCrud01ApplicationTests]
[16:55:12.279] [INFO ] [background-preinit] [org.hibernate.validator.internal.util.Version] [21] [HV000001: Hibernate Validator 8.0.0.Final]
[16:55:12.305] [INFO ] [main] [com.atguigu.Day12SpringbootCrud01ApplicationTests] [51] [Starting Day12SpringbootCrud01ApplicationTests using Java 17.0.2 with PID 5356 (started by cofh in D:\location\maven-pro\day12-springboot-crud-01)]
[16:55:12.307] [INFO ] [main] [com.atguigu.Day12SpringbootCrud01ApplicationTests] [640] [The following 1 profile is active: "dev"]
[16:55:13.753] [ERROR] [main] [org.apache.catalina.core.AprLifecycleListener] [173] [An incompatible version [1.2.31] of the Apache Tomcat Native library is installed, while Tomcat requires version [1.2.34]]
[16:55:14.640] [INFO ] [main] [com.atguigu.Day12SpringbootCrud01ApplicationTests] [57] [Started Day12SpringbootCrud01ApplicationTests in 2.62 seconds (process running for 4.054)]
[16:55:16.379] [DEBUG] [main] [org.springframework.jdbc.datasource.DataSourceUtils] [117] [Fetching JDBC Connection from DataSource]
[16:55:16.381] [INFO ] [main] [com.zaxxer.hikari.HikariDataSource] [110] [HikariPool-1 - Starting...]
[16:55:16.543] [INFO ] [main] [com.zaxxer.hikari.pool.HikariPool] [565] [HikariPool-1 - Added connection com.mysql.cj.jdbc.ConnectionImpl@3c743d40]
[16:55:16.545] [INFO ] [main] [com.zaxxer.hikari.HikariDataSource] [123] [HikariPool-1 - Start completed.]
[16:55:16.553] [DEBUG] [main] [com.atguigu.mapper.ScheduleMapper.findAll_COUNT] [135] [==>  Preparing: SELECT count(0) FROM t_schedule]
[16:55:16.575] [DEBUG] [main] [com.atguigu.mapper.ScheduleMapper.findAll_COUNT] [135] [==> Parameters: ]
[16:55:16.601] [DEBUG] [main] [com.atguigu.mapper.ScheduleMapper.findAll_COUNT] [135] [<==      Total: 1]
[16:55:16.607] [DEBUG] [main] [com.atguigu.mapper.ScheduleMapper.findAll] [135] [==>  Preparing: SELECT * FROM t_schedule LIMIT ?]
[16:55:16.608] [DEBUG] [main] [com.atguigu.mapper.ScheduleMapper.findAll] [135] [==> Parameters: 10(Integer)]
[16:55:16.612] [DEBUG] [main] [com.atguigu.mapper.ScheduleMapper.findAll] [135] [<==      Total: 10]
[16:55:16.617] [INFO ] [main] [com.atguigu.Day12SpringbootCrud01ApplicationTests] [31] [查询到的分页数据是:PageResult(data=Page{count=true, pageNum=1, pageSize=10, startRow=0, endRow=10, total=16, pages=2, reasonable=false, pageSizeZero=false}[Schedule(id=1, title=学习java, completed=true), Schedule(id=3, title=Python, completed=true), Schedule(id=6, title=学习c++, completed=false), Schedule(id=7, title=1, completed=true), Schedule(id=8, title=2, completed=false), Schedule(id=9, title=3, completed=false), Schedule(id=10, title=0a, completed=false), Schedule(id=11, title=1a, completed=false), Schedule(id=12, title=2a, completed=false), Schedule(id=13, title=3a, completed=false)], pageSize=10, total=16, currentPage=1)]
[16:55:16.654] [INFO ] [SpringApplicationShutdownHook] [com.zaxxer.hikari.HikariDataSource] [350] [HikariPool-1 - Shutdown initiated...]
[16:55:16.679] [INFO ] [SpringApplicationShutdownHook] [com.zaxxer.hikari.HikariDataSource] [352] [HikariPool-1 - Shutdown completed.]
